<?xml version="1.0" encoding="UTF-8"?>
<!-- Generated by org.testng.reporters.JUnitReportReporter -->
<testsuite hostname="DESKTOP-MFILMAC" failures="0" tests="1" name="abcpack.ReceivePayement" time="19.943" errors="0" timestamp="2022-05-27T05:06:54 PDT" skipped="0">
  <testcase classname="abcpack.ReceivePayement" name="testLogin" time="19.943"/>
</testsuite> <!-- abcpack.ReceivePayement -->
