<?xml version="1.0" encoding="UTF-8"?>
<!-- Generated by org.testng.reporters.JUnitReportReporter -->
<testsuite hostname="DESKTOP-MFILMAC" failures="0" tests="4" name="abcpack.Gt1$GT1" time="0.007" errors="0" timestamp="2022-05-27T03:10:47 PDT" skipped="0">
  <testcase classname="abcpack.Gt1$GT1" name="meth2" time="0.000"/>
  <testcase classname="abcpack.Gt1$GT1" name="meth1" time="0.007"/>
  <testcase classname="abcpack.Gt1$GT1" name="meth4" time="0.000"/>
  <testcase classname="abcpack.Gt1$GT1" name="meth3" time="0.000"/>
</testsuite> <!-- abcpack.Gt1$GT1 -->
