<?xml version="1.0" encoding="UTF-8"?>
<!-- Generated by org.testng.reporters.JUnitReportReporter -->
<testsuite hostname="DESKTOP-MFILMAC" failures="0" tests="1" name="abcpack.ReceivePayement1" time="35.109" errors="0" timestamp="2022-05-27T05:00:10 PDT" skipped="0">
  <testcase classname="abcpack.ReceivePayement1" name="testLogin" time="35.109"/>
</testsuite> <!-- abcpack.ReceivePayement1 -->
